NO FORMAT	DEC	HEX	OCT	BIN	0	0	0	0	0
1	1	1	1	1
2	2	2	2	10
3	3	3	3	11
4	4	4	4	100
5	5	5	5	101
6	6	6	6	110
7	7	7	7	111
8	8	8	10	1000
9	9	9	11	1001
10	10	A	12	1010
11	11	B	13	1011
12	12	C	14	1100
13	13	D	15	1101
14	14	E	16	1110
15	15	F	17	1111
16	16	10	20	10000
17	17	11	21	10001
18	18	12	22	10010
19	19	13	23	10011
20	20	14	24	10100
21	21	15	25	10101
22	22	16	26	10110
23	23	17	27	10111
24	24	18	30	11000
25	25	19	31	11001
26	26	1A	32	11010
27	27	1B	33	11011
28	28	1C	34	11100
29	29	1D	35	11101
30	30	1E	36	11110
31	31	1F	37	11111
32	32	20	40	100000
33	33	21	41	100001
34	34	22	42	100010
35	35	23	43	100011
36	36	24	44	100100
37	37	25	45	100101
38	38	26	46	100110
39	39	27	47	100111
40	40	28	50	101000
41	41	29	51	101001
42	42	2A	52	101010
43	43	2B	53	101011
44	44	2C	54	101100
